# JRE version: OpenJDK Runtime Environment (11.0+28) (build 11+28)
# Java VM: OpenJDK 64-Bit Server VM (11+28, mixed mode, tiered, compressed oops, g1 gc, linux-amd64)
Heap:
 garbage-first heap   total 126976K, used 83321K [0x0000000085a00000, 0x0000000100000000)
  region size 1024K, 28 young (28672K), 4 survivors (4096K)
 Metaspace       used 38206K, capacity 39722K, committed 40064K, reserved 1083392K
  class space    used 4993K, capacity 5636K, committed 5760K, reserved 1048576K
GC Heap History (10 events):
Event: 1.413 GC heap after
{Heap after GC invocations=1 (full 0):
 garbage-first heap   total 126976K, used 3323K [0x0000000085a00000, 0x0000000100000000)
  region size 1024K, 2 young (2048K), 2 survivors (2048K)
 Metaspace       used 12060K, capacity 12376K, committed 12672K, reserved 1060864K
  class space    used 1183K, capacity 1321K, committed 1408K, reserved 1048576K
}
Event: 1.752 GC heap before
{Heap before GC invocations=1 (full 0):
 garbage-first heap   total 126976K, used 14587K [0x0000000085a00000, 0x0000000100000000)
  region size 1024K, 13 young (13312K), 2 survivors (2048K)
 Metaspace       used 15526K, capacity 16051K, committed 16128K, reserved 1062912K
  class space    used 1581K, capacity 1786K, committed 1792K, reserved 1048576K
}
Event: 1.757 GC heap after
{Heap after GC invocations=2 (full 0):
 garbage-first heap   total 126976K, used 5031K [0x0000000085a00000, 0x0000000100000000)
  region size 1024K, 2 young (2048K), 2 survivors (2048K)
 Metaspace       used 15526K, capacity 16051K, committed 16128K, reserved 1062912K
  class space    used 1581K, capacity 1786K, committed 1792K, reserved 1048576K
}
Event: 2.153 GC heap before
{Heap before GC invocations=2 (full 0):
 garbage-first heap   total 126976K, used 13223K [0x0000000085a00000, 0x0000000100000000)
  region size 1024K, 11 young (11264K), 2 survivors (2048K)
 Metaspace       used 20501K, capacity 21077K, committed 21248K, reserved 1069056K
  class space    used 2190K, capacity 2446K, committed 2560K, reserved 1048576K
}
Event: 2.170 GC heap after
{Heap after GC invocations=3 (full 0):
 garbage-first heap   total 126976K, used 7229K [0x0000000085a00000, 0x0000000100000000)
  region size 1024K, 4 young (4096K), 4 survivors (4096K)
 Metaspace       used 20501K, capacity 21077K, committed 21248K, reserved 1069056K
  class space    used 2190K, capacity 2446K, committed 2560K, reserved 1048576K
}
Event: 9.023 GC heap before
{Heap before GC invocations=4 (full 0):
 garbage-first heap   total 126976K, used 69693K [0x0000000085a00000, 0x0000000100000000)
  region size 1024K, 46 young (47104K), 4 survivors (4096K)
 Metaspace       used 32852K, capacity 33810K, committed 34176K, reserved 1079296K
  class space    used 4231K, capacity 4661K, committed 4736K, reserved 1048576K
}
Event: 9.033 GC heap after
{Heap after GC invocations=5 (full 0):
 garbage-first heap   total 126976K, used 32575K [0x0000000085a00000, 0x0000000100000000)
  region size 1024K, 6 young (6144K), 6 survivors (6144K)
 Metaspace       used 32852K, capacity 33810K, committed 34176K, reserved 1079296K
  class space    used 4231K, capacity 4661K, committed 4736K, reserved 1048576K
}
Event: 9.698 GC heap before
{Heap before GC invocations=5 (full 0):
 garbage-first heap   total 126976K, used 65343K [0x0000000085a00000, 0x0000000100000000)
  region size 1024K, 17 young (17408K), 6 survivors (6144K)
 Metaspace       used 34556K, capacity 35723K, committed 35840K, reserved 1081344K
  class space    used 4500K, capacity 4992K, committed 4992K, reserved 1048576K
}
Event: 9.718 GC heap after
{Heap after GC invocations=6 (full 0):
 garbage-first heap   total 126976K, used 56975K [0x0000000085a00000, 0x0000000100000000)
  region size 1024K, 2 young (2048K), 2 survivors (2048K)
 Metaspace       used 34556K, capacity 35723K, committed 35840K, reserved 1081344K
  class space    used 4500K, capacity 4992K, committed 4992K, reserved 1048576K
}
Event: 28.746 GC heap before
{Heap before GC invocations=7 (full 0):
 garbage-first heap   total 126976K, used 81551K [0x0000000085a00000, 0x0000000100000000)
  region size 1024K, 26 young (26624K), 2 survivors (2048K)
 Metaspace       used 38206K, capacity 39722K, committed 40064K, reserved 1083392K
  class space    used 4993K, capacity 5636K, committed 5760K, reserved 1048576K
}

