# JRE version: OpenJDK Runtime Environment (11.0+28) (build 11+28)
# Java VM: OpenJDK 64-Bit Server VM (11+28, mixed mode, tiered, compressed oops, g1 gc, linux-amd64)
Heap:
 garbage-first heap   total 153600K, used 78334K [0x0000000085a00000, 0x0000000100000000)
  region size 1024K, 29 young (29696K), 6 survivors (6144K)
 Metaspace       used 37785K, capacity 39270K, committed 39552K, reserved 1083392K
  class space    used 5070K, capacity 5691K, committed 5760K, reserved 1048576K
GC Heap History (10 events):
Event: 1.751 GC heap before
{Heap before GC invocations=1 (full 0):
 garbage-first heap   total 126976K, used 10548K [0x0000000085a00000, 0x0000000100000000)
  region size 1024K, 9 young (9216K), 2 survivors (2048K)
 Metaspace       used 14017K, capacity 14581K, committed 14848K, reserved 1062912K
  class space    used 1446K, capacity 1679K, committed 1792K, reserved 1048576K
}
Event: 1.780 GC heap after
{Heap after GC invocations=2 (full 0):
 garbage-first heap   total 126976K, used 4700K [0x0000000085a00000, 0x0000000100000000)
  region size 1024K, 2 young (2048K), 2 survivors (2048K)
 Metaspace       used 14017K, capacity 14581K, committed 14848K, reserved 1062912K
  class space    used 1446K, capacity 1679K, committed 1792K, reserved 1048576K
}
Event: 2.428 GC heap before
{Heap before GC invocations=2 (full 0):
 garbage-first heap   total 126976K, used 15964K [0x0000000085a00000, 0x0000000100000000)
  region size 1024K, 15 young (15360K), 2 survivors (2048K)
 Metaspace       used 20578K, capacity 21087K, committed 21248K, reserved 1069056K
  class space    used 2206K, capacity 2448K, committed 2560K, reserved 1048576K
}
Event: 2.443 GC heap after
{Heap after GC invocations=3 (full 0):
 garbage-first heap   total 126976K, used 7235K [0x0000000085a00000, 0x0000000100000000)
  region size 1024K, 4 young (4096K), 4 survivors (4096K)
 Metaspace       used 20578K, capacity 21087K, committed 21248K, reserved 1069056K
  class space    used 2206K, capacity 2448K, committed 2560K, reserved 1048576K
}
Event: 3.894 GC heap before
{Heap before GC invocations=4 (full 0):
 garbage-first heap   total 126976K, used 63555K [0x0000000085a00000, 0x0000000100000000)
  region size 1024K, 49 young (50176K), 4 survivors (4096K)
 Metaspace       used 27179K, capacity 27848K, committed 27904K, reserved 1073152K
  class space    used 3285K, capacity 3571K, committed 3584K, reserved 1048576K
}
Event: 3.905 GC heap after
{Heap after GC invocations=5 (full 0):
 garbage-first heap   total 126976K, used 20741K [0x0000000085a00000, 0x0000000100000000)
  region size 1024K, 6 young (6144K), 6 survivors (6144K)
 Metaspace       used 27179K, capacity 27848K, committed 27904K, reserved 1073152K
  class space    used 3285K, capacity 3571K, committed 3584K, reserved 1048576K
}
Event: 9.738 GC heap before
{Heap before GC invocations=5 (full 0):
 garbage-first heap   total 126976K, used 81157K [0x0000000085a00000, 0x0000000100000000)
  region size 1024K, 57 young (58368K), 6 survivors (6144K)
 Metaspace       used 32557K, capacity 33614K, committed 33792K, reserved 1079296K
  class space    used 4291K, capacity 4750K, committed 4864K, reserved 1048576K
}
Event: 9.755 GC heap after
{Heap after GC invocations=6 (full 0):
 garbage-first heap   total 153600K, used 30604K [0x0000000085a00000, 0x0000000100000000)
  region size 1024K, 5 young (5120K), 5 survivors (5120K)
 Metaspace       used 32557K, capacity 33614K, committed 33792K, reserved 1079296K
  class space    used 4291K, capacity 4750K, committed 4864K, reserved 1048576K
}
Event: 18.733 GC heap before
{Heap before GC invocations=6 (full 0):
 garbage-first heap   total 153600K, used 99212K [0x0000000085a00000, 0x0000000100000000)
  region size 1024K, 49 young (50176K), 5 survivors (5120K)
 Metaspace       used 34523K, capacity 35630K, committed 35840K, reserved 1081344K
  class space    used 4431K, capacity 4913K, committed 4992K, reserved 1048576K
}
Event: 18.747 GC heap after
{Heap after GC invocations=7 (full 0):
 garbage-first heap   total 153600K, used 55806K [0x0000000085a00000, 0x0000000100000000)
  region size 1024K, 6 young (6144K), 6 survivors (6144K)
 Metaspace       used 34523K, capacity 35630K, committed 35840K, reserved 1081344K
  class space    used 4431K, capacity 4913K, committed 4992K, reserved 1048576K
}

