# JRE version: OpenJDK Runtime Environment (11.0+28) (build 11+28)
# Java VM: OpenJDK 64-Bit Server VM (11+28, mixed mode, tiered, compressed oops, g1 gc, linux-amd64)
Heap:
 garbage-first heap   total 152576K, used 94398K [0x0000000085a00000, 0x0000000100000000)
  region size 1024K, 39 young (39936K), 2 survivors (2048K)
 Metaspace       used 37251K, capacity 38581K, committed 38784K, reserved 1083392K
  class space    used 4656K, capacity 5213K, committed 5248K, reserved 1048576K
GC Heap History (10 events):
Event: 0.992 GC heap after
{Heap after GC invocations=1 (full 0):
 garbage-first heap   total 126976K, used 3200K [0x0000000085a00000, 0x0000000100000000)
  region size 1024K, 2 young (2048K), 2 survivors (2048K)
 Metaspace       used 12084K, capacity 12459K, committed 12672K, reserved 1060864K
  class space    used 1179K, capacity 1350K, committed 1408K, reserved 1048576K
}
Event: 1.464 GC heap before
{Heap before GC invocations=1 (full 0):
 garbage-first heap   total 126976K, used 13440K [0x0000000085a00000, 0x0000000100000000)
  region size 1024K, 12 young (12288K), 2 survivors (2048K)
 Metaspace       used 15148K, capacity 15696K, committed 15872K, reserved 1062912K
  class space    used 1550K, capacity 1753K, committed 1792K, reserved 1048576K
}
Event: 1.488 GC heap after
{Heap after GC invocations=2 (full 0):
 garbage-first heap   total 126976K, used 5308K [0x0000000085a00000, 0x0000000100000000)
  region size 1024K, 2 young (2048K), 2 survivors (2048K)
 Metaspace       used 15148K, capacity 15696K, committed 15872K, reserved 1062912K
  class space    used 1550K, capacity 1753K, committed 1792K, reserved 1048576K
}
Event: 2.325 GC heap before
{Heap before GC invocations=2 (full 0):
 garbage-first heap   total 126976K, used 13500K [0x0000000085a00000, 0x0000000100000000)
  region size 1024K, 12 young (12288K), 2 survivors (2048K)
 Metaspace       used 20510K, capacity 21084K, committed 21248K, reserved 1069056K
  class space    used 2195K, capacity 2447K, committed 2560K, reserved 1048576K
}
Event: 2.336 GC heap after
{Heap after GC invocations=3 (full 0):
 garbage-first heap   total 126976K, used 6845K [0x0000000085a00000, 0x0000000100000000)
  region size 1024K, 4 young (4096K), 4 survivors (4096K)
 Metaspace       used 20510K, capacity 21084K, committed 21248K, reserved 1069056K
  class space    used 2195K, capacity 2447K, committed 2560K, reserved 1048576K
}
Event: 3.735 GC heap before
{Heap before GC invocations=4 (full 0):
 garbage-first heap   total 126976K, used 54973K [0x0000000085a00000, 0x0000000100000000)
  region size 1024K, 33 young (33792K), 4 survivors (4096K)
 Metaspace       used 29154K, capacity 29950K, committed 30208K, reserved 1075200K
  class space    used 3648K, capacity 4008K, committed 4096K, reserved 1048576K
}
Event: 3.743 GC heap after
{Heap after GC invocations=5 (full 0):
 garbage-first heap   total 126976K, used 28986K [0x0000000085a00000, 0x0000000100000000)
  region size 1024K, 5 young (5120K), 5 survivors (5120K)
 Metaspace       used 29154K, capacity 29950K, committed 30208K, reserved 1075200K
  class space    used 3648K, capacity 4008K, committed 4096K, reserved 1048576K
}
Event: 11.234 GC heap before
{Heap before GC invocations=5 (full 0):
 garbage-first heap   total 126976K, used 77114K [0x0000000085a00000, 0x0000000100000000)
  region size 1024K, 29 young (29696K), 5 survivors (5120K)
 Metaspace       used 34544K, capacity 35738K, committed 35840K, reserved 1079296K
  class space    used 4486K, capacity 5018K, committed 5120K, reserved 1048576K
}
Event: 11.261 GC heap after
{Heap after GC invocations=6 (full 0):
 garbage-first heap   total 152576K, used 56510K [0x0000000085a00000, 0x0000000100000000)
  region size 1024K, 3 young (3072K), 3 survivors (3072K)
 Metaspace       used 34544K, capacity 35738K, committed 35840K, reserved 1079296K
  class space    used 4486K, capacity 5018K, committed 5120K, reserved 1048576K
}
Event: 163.295 GC heap before
{Heap before GC invocations=7 (full 0):
 garbage-first heap   total 152576K, used 94398K [0x0000000085a00000, 0x0000000100000000)
  region size 1024K, 40 young (40960K), 3 survivors (3072K)
 Metaspace       used 37251K, capacity 38581K, committed 38784K, reserved 1083392K
  class space    used 4656K, capacity 5213K, committed 5248K, reserved 1048576K
}

