# JRE version: OpenJDK Runtime Environment (11.0+28) (build 11+28)
# Java VM: OpenJDK 64-Bit Server VM (11+28, mixed mode, tiered, compressed oops, g1 gc, linux-amd64)
Heap:
 garbage-first heap   total 126976K, used 77902K [0x0000000085a00000, 0x0000000100000000)
  region size 1024K, 26 young (26624K), 3 survivors (3072K)
 Metaspace       used 37722K, capacity 39235K, committed 39628K, reserved 1083392K
  class space    used 5071K, capacity 5722K, committed 5836K, reserved 1048576K
GC Heap History (10 events):
Event: 1.368 GC heap before
{Heap before GC invocations=1 (full 0):
 garbage-first heap   total 126976K, used 11415K [0x0000000085a00000, 0x0000000100000000)
  region size 1024K, 10 young (10240K), 2 survivors (2048K)
 Metaspace       used 14225K, capacity 14669K, committed 14848K, reserved 1062912K
  class space    used 1468K, capacity 1688K, committed 1792K, reserved 1048576K
}
Event: 1.399 GC heap after
{Heap after GC invocations=2 (full 0):
 garbage-first heap   total 126976K, used 4555K [0x0000000085a00000, 0x0000000100000000)
  region size 1024K, 2 young (2048K), 2 survivors (2048K)
 Metaspace       used 14225K, capacity 14669K, committed 14848K, reserved 1062912K
  class space    used 1468K, capacity 1688K, committed 1792K, reserved 1048576K
}
Event: 1.980 GC heap before
{Heap before GC invocations=2 (full 0):
 garbage-first heap   total 126976K, used 14795K [0x0000000085a00000, 0x0000000100000000)
  region size 1024K, 14 young (14336K), 2 survivors (2048K)
 Metaspace       used 20573K, capacity 21087K, committed 21248K, reserved 1069056K
  class space    used 2207K, capacity 2448K, committed 2560K, reserved 1048576K
}
Event: 2.002 GC heap after
{Heap after GC invocations=3 (full 0):
 garbage-first heap   total 126976K, used 6822K [0x0000000085a00000, 0x0000000100000000)
  region size 1024K, 4 young (4096K), 4 survivors (4096K)
 Metaspace       used 20573K, capacity 21087K, committed 21248K, reserved 1069056K
  class space    used 2207K, capacity 2448K, committed 2560K, reserved 1048576K
}
Event: 3.052 GC heap before
{Heap before GC invocations=4 (full 0):
 garbage-first heap   total 126976K, used 58022K [0x0000000085a00000, 0x0000000100000000)
  region size 1024K, 45 young (46080K), 4 survivors (4096K)
 Metaspace       used 27276K, capacity 28015K, committed 28288K, reserved 1073152K
  class space    used 3307K, capacity 3605K, committed 3712K, reserved 1048576K
}
Event: 3.065 GC heap after
{Heap after GC invocations=5 (full 0):
 garbage-first heap   total 126976K, used 20397K [0x0000000085a00000, 0x0000000100000000)
  region size 1024K, 6 young (6144K), 6 survivors (6144K)
 Metaspace       used 27276K, capacity 28015K, committed 28288K, reserved 1073152K
  class space    used 3307K, capacity 3605K, committed 3712K, reserved 1048576K
}
Event: 8.756 GC heap before
{Heap before GC invocations=5 (full 0):
 garbage-first heap   total 126976K, used 77741K [0x0000000085a00000, 0x0000000100000000)
  region size 1024K, 54 young (55296K), 6 survivors (6144K)
 Metaspace       used 31859K, capacity 32851K, committed 33152K, reserved 1077248K
  class space    used 4203K, capacity 4624K, committed 4736K, reserved 1048576K
}
Event: 8.766 GC heap after
{Heap after GC invocations=6 (full 0):
 garbage-first heap   total 126976K, used 29955K [0x0000000085a00000, 0x0000000100000000)
  region size 1024K, 5 young (5120K), 5 survivors (5120K)
 Metaspace       used 31859K, capacity 32851K, committed 33152K, reserved 1077248K
  class space    used 4203K, capacity 4624K, committed 4736K, reserved 1048576K
}
Event: 26.930 GC heap before
{Heap before GC invocations=6 (full 0):
 garbage-first heap   total 126976K, used 97539K [0x0000000085a00000, 0x0000000100000000)
  region size 1024K, 48 young (49152K), 5 survivors (5120K)
 Metaspace       used 34650K, capacity 35706K, committed 35840K, reserved 1081344K
  class space    used 4455K, capacity 4917K, committed 4992K, reserved 1048576K
}
Event: 26.940 GC heap after
{Heap after GC invocations=7 (full 0):
 garbage-first heap   total 126976K, used 55374K [0x0000000085a00000, 0x0000000100000000)
  region size 1024K, 3 young (3072K), 3 survivors (3072K)
 Metaspace       used 34650K, capacity 35706K, committed 35840K, reserved 1081344K
  class space    used 4455K, capacity 4917K, committed 4992K, reserved 1048576K
}

