# JRE version: OpenJDK Runtime Environment (11.0+28) (build 11+28)
# Java VM: OpenJDK 64-Bit Server VM (11+28, mixed mode, tiered, compressed oops, g1 gc, linux-amd64)
Heap:
 garbage-first heap   total 126976K, used 78323K [0x0000000085a00000, 0x0000000100000000)
  region size 1024K, 26 young (26624K), 3 survivors (3072K)
 Metaspace       used 37789K, capacity 39273K, committed 39552K, reserved 1083392K
  class space    used 5071K, capacity 5692K, committed 5760K, reserved 1048576K
GC Heap History (10 events):
Event: 1.357 GC heap before
{Heap before GC invocations=1 (full 0):
 garbage-first heap   total 126976K, used 13353K [0x0000000085a00000, 0x0000000100000000)
  region size 1024K, 12 young (12288K), 2 survivors (2048K)
 Metaspace       used 14861K, capacity 15376K, committed 15616K, reserved 1062912K
  class space    used 1529K, capacity 1753K, committed 1792K, reserved 1048576K
}
Event: 1.361 GC heap after
{Heap after GC invocations=2 (full 0):
 garbage-first heap   total 126976K, used 4839K [0x0000000085a00000, 0x0000000100000000)
  region size 1024K, 2 young (2048K), 2 survivors (2048K)
 Metaspace       used 14861K, capacity 15376K, committed 15616K, reserved 1062912K
  class space    used 1529K, capacity 1753K, committed 1792K, reserved 1048576K
}
Event: 1.808 GC heap before
{Heap before GC invocations=2 (full 0):
 garbage-first heap   total 126976K, used 15079K [0x0000000085a00000, 0x0000000100000000)
  region size 1024K, 13 young (13312K), 2 survivors (2048K)
 Metaspace       used 20503K, capacity 21078K, committed 21248K, reserved 1069056K
  class space    used 2190K, capacity 2446K, committed 2560K, reserved 1048576K
}
Event: 1.815 GC heap after
{Heap after GC invocations=3 (full 0):
 garbage-first heap   total 126976K, used 6838K [0x0000000085a00000, 0x0000000100000000)
  region size 1024K, 4 young (4096K), 4 survivors (4096K)
 Metaspace       used 20503K, capacity 21078K, committed 21248K, reserved 1069056K
  class space    used 2190K, capacity 2446K, committed 2560K, reserved 1048576K
}
Event: 2.849 GC heap before
{Heap before GC invocations=4 (full 0):
 garbage-first heap   total 126976K, used 55990K [0x0000000085a00000, 0x0000000100000000)
  region size 1024K, 42 young (43008K), 4 survivors (4096K)
 Metaspace       used 27405K, capacity 28081K, committed 28288K, reserved 1073152K
  class space    used 3318K, capacity 3606K, committed 3712K, reserved 1048576K
}
Event: 2.858 GC heap after
{Heap after GC invocations=5 (full 0):
 garbage-first heap   total 126976K, used 20619K [0x0000000085a00000, 0x0000000100000000)
  region size 1024K, 6 young (6144K), 6 survivors (6144K)
 Metaspace       used 27405K, capacity 28081K, committed 28288K, reserved 1073152K
  class space    used 3318K, capacity 3606K, committed 3712K, reserved 1048576K
}
Event: 8.355 GC heap before
{Heap before GC invocations=5 (full 0):
 garbage-first heap   total 126976K, used 75915K [0x0000000085a00000, 0x0000000100000000)
  region size 1024K, 52 young (53248K), 6 survivors (6144K)
 Metaspace       used 31954K, capacity 32917K, committed 33152K, reserved 1077248K
  class space    used 4210K, capacity 4625K, committed 4736K, reserved 1048576K
}
Event: 8.367 GC heap after
{Heap after GC invocations=6 (full 0):
 garbage-first heap   total 126976K, used 30487K [0x0000000085a00000, 0x0000000100000000)
  region size 1024K, 5 young (5120K), 5 survivors (5120K)
 Metaspace       used 31954K, capacity 32917K, committed 33152K, reserved 1077248K
  class space    used 4210K, capacity 4625K, committed 4736K, reserved 1048576K
}
Event: 21.608 GC heap before
{Heap before GC invocations=6 (full 0):
 garbage-first heap   total 126976K, used 97047K [0x0000000085a00000, 0x0000000100000000)
  region size 1024K, 47 young (48128K), 5 survivors (5120K)
 Metaspace       used 34577K, capacity 35634K, committed 35840K, reserved 1081344K
  class space    used 4435K, capacity 4914K, committed 4992K, reserved 1048576K
}
Event: 21.618 GC heap after
{Heap after GC invocations=7 (full 0):
 garbage-first heap   total 126976K, used 55795K [0x0000000085a00000, 0x0000000100000000)
  region size 1024K, 3 young (3072K), 3 survivors (3072K)
 Metaspace       used 34577K, capacity 35634K, committed 35840K, reserved 1081344K
  class space    used 4435K, capacity 4914K, committed 4992K, reserved 1048576K
}

