# JRE version: OpenJDK Runtime Environment (11.0+28) (build 11+28)
# Java VM: OpenJDK 64-Bit Server VM (11+28, mixed mode, tiered, compressed oops, g1 gc, linux-amd64)
Heap:
 garbage-first heap   total 152576K, used 78288K [0x0000000085a00000, 0x0000000100000000)
  region size 1024K, 26 young (26624K), 3 survivors (3072K)
 Metaspace       used 37565K, capacity 39065K, committed 39244K, reserved 1083392K
  class space    used 5067K, capacity 5688K, committed 5708K, reserved 1048576K
GC Heap History (10 events):
Event: 1.409 GC heap before
{Heap before GC invocations=1 (full 0):
 garbage-first heap   total 126976K, used 15409K [0x0000000085a00000, 0x0000000100000000)
  region size 1024K, 14 young (14336K), 2 survivors (2048K)
 Metaspace       used 15728K, capacity 16187K, committed 16384K, reserved 1064960K
  class space    used 1608K, capacity 1790K, committed 1792K, reserved 1048576K
}
Event: 1.418 GC heap after
{Heap after GC invocations=2 (full 0):
 garbage-first heap   total 126976K, used 4828K [0x0000000085a00000, 0x0000000100000000)
  region size 1024K, 2 young (2048K), 2 survivors (2048K)
 Metaspace       used 15728K, capacity 16187K, committed 16384K, reserved 1064960K
  class space    used 1608K, capacity 1790K, committed 1792K, reserved 1048576K
}
Event: 1.746 GC heap before
{Heap before GC invocations=2 (full 0):
 garbage-first heap   total 126976K, used 11996K [0x0000000085a00000, 0x0000000100000000)
  region size 1024K, 10 young (10240K), 2 survivors (2048K)
 Metaspace       used 20504K, capacity 21078K, committed 21248K, reserved 1069056K
  class space    used 2192K, capacity 2446K, committed 2560K, reserved 1048576K
}
Event: 1.750 GC heap after
{Heap after GC invocations=3 (full 0):
 garbage-first heap   total 126976K, used 6833K [0x0000000085a00000, 0x0000000100000000)
  region size 1024K, 4 young (4096K), 4 survivors (4096K)
 Metaspace       used 20504K, capacity 21078K, committed 21248K, reserved 1069056K
  class space    used 2192K, capacity 2446K, committed 2560K, reserved 1048576K
}
Event: 2.624 GC heap before
{Heap before GC invocations=4 (full 0):
 garbage-first heap   total 126976K, used 58033K [0x0000000085a00000, 0x0000000100000000)
  region size 1024K, 44 young (45056K), 4 survivors (4096K)
 Metaspace       used 27528K, capacity 28241K, committed 28544K, reserved 1075200K
  class space    used 3326K, capacity 3638K, committed 3712K, reserved 1048576K
}
Event: 2.634 GC heap after
{Heap after GC invocations=5 (full 0):
 garbage-first heap   total 126976K, used 20716K [0x0000000085a00000, 0x0000000100000000)
  region size 1024K, 6 young (6144K), 6 survivors (6144K)
 Metaspace       used 27528K, capacity 28241K, committed 28544K, reserved 1075200K
  class space    used 3326K, capacity 3638K, committed 3712K, reserved 1048576K
}
Event: 12.355 GC heap before
{Heap before GC invocations=5 (full 0):
 garbage-first heap   total 126976K, used 80108K [0x0000000085a00000, 0x0000000100000000)
  region size 1024K, 54 young (55296K), 6 survivors (6144K)
 Metaspace       used 32988K, capacity 34039K, committed 34304K, reserved 1079296K
  class space    used 4321K, capacity 4785K, committed 4864K, reserved 1048576K
}
Event: 12.375 GC heap after
{Heap after GC invocations=6 (full 0):
 garbage-first heap   total 152576K, used 32913K [0x0000000085a00000, 0x0000000100000000)
  region size 1024K, 6 young (6144K), 6 survivors (6144K)
 Metaspace       used 32988K, capacity 34039K, committed 34304K, reserved 1079296K
  class space    used 4321K, capacity 4785K, committed 4864K, reserved 1048576K
}
Event: 20.970 GC heap before
{Heap before GC invocations=6 (full 0):
 garbage-first heap   total 152576K, used 62609K [0x0000000085a00000, 0x0000000100000000)
  region size 1024K, 14 young (14336K), 6 survivors (6144K)
 Metaspace       used 34598K, capacity 35700K, committed 35840K, reserved 1081344K
  class space    used 4483K, capacity 4961K, committed 4992K, reserved 1048576K
}
Event: 20.984 GC heap after
{Heap after GC invocations=7 (full 0):
 garbage-first heap   total 152576K, used 55760K [0x0000000085a00000, 0x0000000100000000)
  region size 1024K, 3 young (3072K), 3 survivors (3072K)
 Metaspace       used 34598K, capacity 35700K, committed 35840K, reserved 1081344K
  class space    used 4483K, capacity 4961K, committed 4992K, reserved 1048576K
}

