# JRE version: OpenJDK Runtime Environment (11.0+28) (build 11+28)
# Java VM: OpenJDK 64-Bit Server VM (11+28, mixed mode, tiered, compressed oops, g1 gc, linux-amd64)
Heap:
 garbage-first heap   total 152576K, used 75538K [0x0000000085a00000, 0x0000000100000000)
  region size 1024K, 26 young (26624K), 6 survivors (6144K)
 Metaspace       used 37346K, capacity 38872K, committed 39040K, reserved 1083392K
  class space    used 5067K, capacity 5688K, committed 5760K, reserved 1048576K
GC Heap History (10 events):
Event: 1.349 GC heap before
{Heap before GC invocations=1 (full 0):
 garbage-first heap   total 126976K, used 15437K [0x0000000085a00000, 0x0000000100000000)
  region size 1024K, 14 young (14336K), 2 survivors (2048K)
 Metaspace       used 15744K, capacity 16227K, committed 16512K, reserved 1064960K
  class space    used 1615K, capacity 1826K, committed 1920K, reserved 1048576K
}
Event: 1.357 GC heap after
{Heap after GC invocations=2 (full 0):
 garbage-first heap   total 126976K, used 4863K [0x0000000085a00000, 0x0000000100000000)
  region size 1024K, 2 young (2048K), 2 survivors (2048K)
 Metaspace       used 15744K, capacity 16227K, committed 16512K, reserved 1064960K
  class space    used 1615K, capacity 1826K, committed 1920K, reserved 1048576K
}
Event: 1.764 GC heap before
{Heap before GC invocations=2 (full 0):
 garbage-first heap   total 126976K, used 12031K [0x0000000085a00000, 0x0000000100000000)
  region size 1024K, 10 young (10240K), 2 survivors (2048K)
 Metaspace       used 20566K, capacity 21084K, committed 21248K, reserved 1069056K
  class space    used 2202K, capacity 2447K, committed 2560K, reserved 1048576K
}
Event: 1.769 GC heap after
{Heap after GC invocations=3 (full 0):
 garbage-first heap   total 126976K, used 6792K [0x0000000085a00000, 0x0000000100000000)
  region size 1024K, 4 young (4096K), 4 survivors (4096K)
 Metaspace       used 20566K, capacity 21084K, committed 21248K, reserved 1069056K
  class space    used 2202K, capacity 2447K, committed 2560K, reserved 1048576K
}
Event: 2.758 GC heap before
{Heap before GC invocations=4 (full 0):
 garbage-first heap   total 126976K, used 56968K [0x0000000085a00000, 0x0000000100000000)
  region size 1024K, 43 young (44032K), 4 survivors (4096K)
 Metaspace       used 27564K, capacity 28307K, committed 28544K, reserved 1075200K
  class space    used 3329K, capacity 3639K, committed 3712K, reserved 1048576K
}
Event: 2.769 GC heap after
{Heap after GC invocations=5 (full 0):
 garbage-first heap   total 126976K, used 20632K [0x0000000085a00000, 0x0000000100000000)
  region size 1024K, 6 young (6144K), 6 survivors (6144K)
 Metaspace       used 27564K, capacity 28307K, committed 28544K, reserved 1075200K
  class space    used 3329K, capacity 3639K, committed 3712K, reserved 1048576K
}
Event: 8.446 GC heap before
{Heap before GC invocations=5 (full 0):
 garbage-first heap   total 126976K, used 76952K [0x0000000085a00000, 0x0000000100000000)
  region size 1024K, 53 young (54272K), 6 survivors (6144K)
 Metaspace       used 32569K, capacity 33615K, committed 33792K, reserved 1079296K
  class space    used 4293K, capacity 4750K, committed 4864K, reserved 1048576K
}
Event: 8.453 GC heap after
{Heap after GC invocations=6 (full 0):
 garbage-first heap   total 152576K, used 30274K [0x0000000085a00000, 0x0000000100000000)
  region size 1024K, 5 young (5120K), 5 survivors (5120K)
 Metaspace       used 32569K, capacity 33615K, committed 33792K, reserved 1079296K
  class space    used 4293K, capacity 4750K, committed 4864K, reserved 1048576K
}
Event: 13.057 GC heap before
{Heap before GC invocations=6 (full 0):
 garbage-first heap   total 152576K, used 66114K [0x0000000085a00000, 0x0000000100000000)
  region size 1024K, 17 young (17408K), 5 survivors (5120K)
 Metaspace       used 34623K, capacity 35705K, committed 35840K, reserved 1079296K
  class space    used 4520K, capacity 5002K, committed 5120K, reserved 1048576K
}
Event: 13.068 GC heap after
{Heap after GC invocations=7 (full 0):
 garbage-first heap   total 152576K, used 56082K [0x0000000085a00000, 0x0000000100000000)
  region size 1024K, 6 young (6144K), 6 survivors (6144K)
 Metaspace       used 34623K, capacity 35705K, committed 35840K, reserved 1079296K
  class space    used 4520K, capacity 5002K, committed 5120K, reserved 1048576K
}

